<?xml version="1.0" encoding="UTF-8"?>
<testng-results ignored="0" total="1" passed="1" failed="0" skipped="0">
  <reporter-output>
  </reporter-output>
  <suite started-at="2026-06-10T23:56:34 BDT" name="Default suite" finished-at="2026-06-10T23:56:43 BDT" duration-ms="8661">
    <groups>
    </groups>
    <test started-at="2026-06-10T23:56:34 BDT" name="Default test" finished-at="2026-06-10T23:56:43 BDT" duration-ms="8661">
      <class name="com.mahabub.project.ERP.Login">
        <test-method is-config="true" signature="start()[pri:0, instance:com.mahabub.project.ERP.Login@7a35b0f5]" started-at="2026-06-10T23:56:33 BDT" name="start" finished-at="2026-06-10T23:56:34 BDT" duration-ms="1323" status="PASS">
          <reporter-output>
          </reporter-output>
        </test-method> <!-- start -->
        <test-method signature="login()[pri:0, instance:com.mahabub.project.ERP.Login@7a35b0f5]" started-at="2026-06-10T23:56:34 BDT" name="login" finished-at="2026-06-10T23:56:43 BDT" duration-ms="8637" status="PASS">
          <reporter-output>
          </reporter-output>
        </test-method> <!-- login -->
        <test-method is-config="true" signature="close()[pri:0, instance:com.mahabub.project.ERP.Login@7a35b0f5]" started-at="2026-06-10T23:56:43 BDT" name="close" finished-at="2026-06-10T23:56:43 BDT" duration-ms="186" status="PASS">
          <reporter-output>
          </reporter-output>
        </test-method> <!-- close -->
      </class> <!-- com.mahabub.project.ERP.Login -->
    </test> <!-- Default test -->
  </suite> <!-- Default suite -->
</testng-results>
